ISim log file
Running: /home/jehannin/PSI/xilinx_project/testbench_isim_beh.exe -intstyle ise -gui -tclbatch isim.cmd -wdb /home/jehannin/PSI/xilinx_project/testbench_isim_beh.wdb 
ISim O.87xd (signature 0x8ddf5b5d)
----------------------------------------------------------------------
INFO:Security:50 - The XILINXD_LICENSE_FILE environment variable is set to '2100@srv-gei-ens1'.
INFO:Security:52 - The LM_LICENSE_FILE environment variable is set to '2100@srv-gei-ens1'.
INFO:Security:68a - user is jehannin, on host unknown.
WARNING:Security:43 - No license file was found in the standard Xilinx license directory.
WARNING:Security:44 - Since no license file was found,
       please run the Xilinx License Configuration Manager
       (xlcm or "Manage Xilinx Licenses")
       to assist in obtaining a license.
ERROR:Security:14 - No feature was available for 'ISIM'.

Cannot connect to license server system.
 The license server manager (lmgrd) has not been started yet,
 the wrong port@host or license file is being used, or the
 port or hostname in the license file has been changed.
Feature:       ISIM
Server name:   srv-gei-ens1
License path:  /home/jehannin/.Xilinx/*.lic:/usr/local/insa/Xilinx.ISE/13.4/ISE_DS/ISE//data/*.lic:/usr/local/insa/Xilinx.ISE/13.4/ISE_DS/ISE//coregen/core_licenses/Xilinx.lic:/usr/local/insa/Xilinx.ISE/13.4/ISE_DS/ISE//coregen/core_licenses/XilinxFree.lic:2100@srv-gei-ens1:
FLEXnet Licensing error:-15,570.  System Error: 115 "Operation now in progress"
For further information, refer to the FLEXnet Licensing documentation,
available at "www.acresso.com".
----------------------------------------------------------------------
WARNING: A full ISim License cannot be checked out due to the issues listed above. Please use Xilinx License Configuration Manager to fix these issues in order to check out a full ISim license.
WARNING: ISim will run in Lite mode. Please refer to the ISim documentation for more information on the differences between the Lite and the Full version.
This is a Lite version of ISim.
Time resolution is 1 ps
# onerror resume
# wave add /
# run 1000 ns
Simulator is doing circuit initialization process.
at 0 ps, Instance /testbench/test/ : Warning: There is an 'U'|'X'|'W'|'Z'|'-' in an arithmetic operand, the result will be 'X'(es).
at 0 ps, Instance /testbench/test/reg/ : Warning: NUMERIC_STD.TO_INTEGER: metavalue detected, returning 0
at 0 ps, Instance /testbench/test/reg/ : Warning: NUMERIC_STD.TO_INTEGER: metavalue detected, returning 0
Finished circuit initialization process.
at 5 ns(1), Instance /testbench/test/mem/ : Warning: NUMERIC_STD.TO_INTEGER: metavalue detected, returning 0
at 10 ns(1), Instance /testbench/test/reg/ : Warning: NUMERIC_STD.TO_INTEGER: metavalue detected, returning 0
at 15 ns(1), Instance /testbench/test/mem/ : Warning: NUMERIC_STD.TO_INTEGER: metavalue detected, returning 0
at 20 ns(1), Instance /testbench/test/reg/ : Warning: NUMERIC_STD.TO_INTEGER: metavalue detected, returning 0
at 25 ns(1), Instance /testbench/test/mem/ : Warning: NUMERIC_STD.TO_INTEGER: metavalue detected, returning 0
at 30 ns(1), Instance /testbench/test/reg/ : Warning: NUMERIC_STD.TO_INTEGER: metavalue detected, returning 0
at 35 ns(1), Instance /testbench/test/mem/ : Warning: NUMERIC_STD.TO_INTEGER: metavalue detected, returning 0
at 40 ns(1), Instance /testbench/test/reg/ : Warning: NUMERIC_STD.TO_INTEGER: metavalue detected, returning 0
at 45 ns(1), Instance /testbench/test/mem/ : Warning: NUMERIC_STD.TO_INTEGER: metavalue detected, returning 0
at 50 ns(1), Instance /testbench/test/reg/ : Warning: NUMERIC_STD.TO_INTEGER: metavalue detected, returning 0
at 165 ns(1), Instance /testbench/test/mem/ : Warning: NUMERIC_STD.TO_INTEGER: metavalue detected, returning 0
ISim O.87xd (signature 0x8ddf5b5d)
----------------------------------------------------------------------
INFO:Security:50 - The XILINXD_LICENSE_FILE environment variable is set to '2100@srv-gei-ens1'.
INFO:Security:52 - The LM_LICENSE_FILE environment variable is set to '2100@srv-gei-ens1'.
INFO:Security:68a - user is jehannin, on host unknown.
WARNING:Security:43 - No license file was found in the standard Xilinx license directory.
WARNING:Security:44 - Since no license file was found,
       please run the Xilinx License Configuration Manager
       (xlcm or "Manage Xilinx Licenses")
       to assist in obtaining a license.
ERROR:Security:14 - No feature was available for 'ISIM'.

Cannot connect to license server system.
 The license server manager (lmgrd) has not been started yet,
 the wrong port@host or license file is being used, or the
 port or hostname in the license file has been changed.
Feature:       ISIM
Server name:   srv-gei-ens1
License path:  /home/jehannin/.Xilinx/*.lic:/usr/local/insa/Xilinx.ISE/13.4/ISE_DS/ISE//data/*.lic:/usr/local/insa/Xilinx.ISE/13.4/ISE_DS/ISE//coregen/core_licenses/Xilinx.lic:/usr/local/insa/Xilinx.ISE/13.4/ISE_DS/ISE//coregen/core_licenses/XilinxFree.lic:2100@srv-gei-ens1:
FLEXnet Licensing error:-15,570.  System Error: 115 "Operation now in progress"
For further information, refer to the FLEXnet Licensing documentation,
available at "www.acresso.com".
----------------------------------------------------------------------
WARNING: A full ISim License cannot be checked out due to the issues listed above. Please use Xilinx License Configuration Manager to fix these issues in order to check out a full ISim license.
WARNING: ISim will run in Lite mode. Please refer to the ISim documentation for more information on the differences between the Lite and the Full version.
This is a Lite version of ISim.
# run 1000 ns
Simulator is doing circuit initialization process.
at 0 ps, Instance /testbench/test/ : Warning: There is an 'U'|'X'|'W'|'Z'|'-' in an arithmetic operand, the result will be 'X'(es).
at 0 ps, Instance /testbench/test/reg/ : Warning: NUMERIC_STD.TO_INTEGER: metavalue detected, returning 0
at 0 ps, Instance /testbench/test/reg/ : Warning: NUMERIC_STD.TO_INTEGER: metavalue detected, returning 0
Finished circuit initialization process.
at 5 ns(1), Instance /testbench/test/mem/ : Warning: NUMERIC_STD.TO_INTEGER: metavalue detected, returning 0
at 10 ns(1), Instance /testbench/test/reg/ : Warning: NUMERIC_STD.TO_INTEGER: metavalue detected, returning 0
at 15 ns(1), Instance /testbench/test/mem/ : Warning: NUMERIC_STD.TO_INTEGER: metavalue detected, returning 0
at 20 ns(1), Instance /testbench/test/reg/ : Warning: NUMERIC_STD.TO_INTEGER: metavalue detected, returning 0
at 25 ns(1), Instance /testbench/test/mem/ : Warning: NUMERIC_STD.TO_INTEGER: metavalue detected, returning 0
at 30 ns(1), Instance /testbench/test/reg/ : Warning: NUMERIC_STD.TO_INTEGER: metavalue detected, returning 0
at 35 ns(1), Instance /testbench/test/mem/ : Warning: NUMERIC_STD.TO_INTEGER: metavalue detected, returning 0
at 40 ns(1), Instance /testbench/test/reg/ : Warning: NUMERIC_STD.TO_INTEGER: metavalue detected, returning 0
at 45 ns(1), Instance /testbench/test/mem/ : Warning: NUMERIC_STD.TO_INTEGER: metavalue detected, returning 0
at 50 ns(1), Instance /testbench/test/reg/ : Warning: NUMERIC_STD.TO_INTEGER: metavalue detected, returning 0
at 165 ns(1), Instance /testbench/test/mem/ : Warning: NUMERIC_STD.TO_INTEGER: metavalue detected, returning 0
ISim O.87xd (signature 0x8ddf5b5d)
----------------------------------------------------------------------
INFO:Security:50 - The XILINXD_LICENSE_FILE environment variable is set to '2100@srv-gei-ens1'.
INFO:Security:52 - The LM_LICENSE_FILE environment variable is set to '2100@srv-gei-ens1'.
INFO:Security:68a - user is jehannin, on host unknown.
WARNING:Security:43 - No license file was found in the standard Xilinx license directory.
WARNING:Security:44 - Since no license file was found,
       please run the Xilinx License Configuration Manager
       (xlcm or "Manage Xilinx Licenses")
       to assist in obtaining a license.
ERROR:Security:14 - No feature was available for 'ISIM'.

Cannot connect to license server system.
 The license server manager (lmgrd) has not been started yet,
 the wrong port@host or license file is being used, or the
 port or hostname in the license file has been changed.
Feature:       ISIM
Server name:   srv-gei-ens1
License path:  /home/jehannin/.Xilinx/*.lic:/usr/local/insa/Xilinx.ISE/13.4/ISE_DS/ISE//data/*.lic:/usr/local/insa/Xilinx.ISE/13.4/ISE_DS/ISE//coregen/core_licenses/Xilinx.lic:/usr/local/insa/Xilinx.ISE/13.4/ISE_DS/ISE//coregen/core_licenses/XilinxFree.lic:2100@srv-gei-ens1:
FLEXnet Licensing error:-15,570.  System Error: 115 "Operation now in progress"
For further information, refer to the FLEXnet Licensing documentation,
available at "www.acresso.com".
----------------------------------------------------------------------
WARNING: A full ISim License cannot be checked out due to the issues listed above. Please use Xilinx License Configuration Manager to fix these issues in order to check out a full ISim license.
WARNING: ISim will run in Lite mode. Please refer to the ISim documentation for more information on the differences between the Lite and the Full version.
This is a Lite version of ISim.
# run 1000 ns
Simulator is doing circuit initialization process.
at 0 ps, Instance /testbench/test/ : Warning: There is an 'U'|'X'|'W'|'Z'|'-' in an arithmetic operand, the result will be 'X'(es).
at 0 ps, Instance /testbench/test/reg/ : Warning: NUMERIC_STD.TO_INTEGER: metavalue detected, returning 0
at 0 ps, Instance /testbench/test/reg/ : Warning: NUMERIC_STD.TO_INTEGER: metavalue detected, returning 0
Finished circuit initialization process.
at 5 ns(1), Instance /testbench/test/mem/ : Warning: NUMERIC_STD.TO_INTEGER: metavalue detected, returning 0
at 10 ns(1), Instance /testbench/test/reg/ : Warning: NUMERIC_STD.TO_INTEGER: metavalue detected, returning 0
at 15 ns(1), Instance /testbench/test/mem/ : Warning: NUMERIC_STD.TO_INTEGER: metavalue detected, returning 0
at 20 ns(1), Instance /testbench/test/reg/ : Warning: NUMERIC_STD.TO_INTEGER: metavalue detected, returning 0
at 25 ns(1), Instance /testbench/test/mem/ : Warning: NUMERIC_STD.TO_INTEGER: metavalue detected, returning 0
at 30 ns(1), Instance /testbench/test/reg/ : Warning: NUMERIC_STD.TO_INTEGER: metavalue detected, returning 0
at 35 ns(1), Instance /testbench/test/mem/ : Warning: NUMERIC_STD.TO_INTEGER: metavalue detected, returning 0
at 40 ns(1), Instance /testbench/test/reg/ : Warning: NUMERIC_STD.TO_INTEGER: metavalue detected, returning 0
at 45 ns(1), Instance /testbench/test/mem/ : Warning: NUMERIC_STD.TO_INTEGER: metavalue detected, returning 0
at 50 ns(1), Instance /testbench/test/reg/ : Warning: NUMERIC_STD.TO_INTEGER: metavalue detected, returning 0
at 155 ns(1), Instance /testbench/test/mem/ : Warning: NUMERIC_STD.TO_INTEGER: metavalue detected, returning 0
ISim O.87xd (signature 0x8ddf5b5d)
----------------------------------------------------------------------
INFO:Security:50 - The XILINXD_LICENSE_FILE environment variable is set to '2100@srv-gei-ens1'.
INFO:Security:52 - The LM_LICENSE_FILE environment variable is set to '2100@srv-gei-ens1'.
INFO:Security:68a - user is jehannin, on host unknown.
WARNING:Security:43 - No license file was found in the standard Xilinx license directory.
WARNING:Security:44 - Since no license file was found,
       please run the Xilinx License Configuration Manager
       (xlcm or "Manage Xilinx Licenses")
       to assist in obtaining a license.
ERROR:Security:14 - No feature was available for 'ISIM'.

Cannot connect to license server system.
 The license server manager (lmgrd) has not been started yet,
 the wrong port@host or license file is being used, or the
 port or hostname in the license file has been changed.
Feature:       ISIM
Server name:   srv-gei-ens1
License path:  /home/jehannin/.Xilinx/*.lic:/usr/local/insa/Xilinx.ISE/13.4/ISE_DS/ISE//data/*.lic:/usr/local/insa/Xilinx.ISE/13.4/ISE_DS/ISE//coregen/core_licenses/Xilinx.lic:/usr/local/insa/Xilinx.ISE/13.4/ISE_DS/ISE//coregen/core_licenses/XilinxFree.lic:2100@srv-gei-ens1:
FLEXnet Licensing error:-15,570.  System Error: 115 "Operation now in progress"
For further information, refer to the FLEXnet Licensing documentation,
available at "www.acresso.com".
----------------------------------------------------------------------
WARNING: A full ISim License cannot be checked out due to the issues listed above. Please use Xilinx License Configuration Manager to fix these issues in order to check out a full ISim license.
WARNING: ISim will run in Lite mode. Please refer to the ISim documentation for more information on the differences between the Lite and the Full version.
This is a Lite version of ISim.
# run 1000 ns
Simulator is doing circuit initialization process.
at 0 ps, Instance /testbench/test/ : Warning: There is an 'U'|'X'|'W'|'Z'|'-' in an arithmetic operand, the result will be 'X'(es).
at 0 ps, Instance /testbench/test/reg/ : Warning: NUMERIC_STD.TO_INTEGER: metavalue detected, returning 0
at 0 ps, Instance /testbench/test/reg/ : Warning: NUMERIC_STD.TO_INTEGER: metavalue detected, returning 0
Finished circuit initialization process.
at 5 ns(1), Instance /testbench/test/mem/ : Warning: NUMERIC_STD.TO_INTEGER: metavalue detected, returning 0
at 10 ns(1), Instance /testbench/test/reg/ : Warning: NUMERIC_STD.TO_INTEGER: metavalue detected, returning 0
at 15 ns(1), Instance /testbench/test/mem/ : Warning: NUMERIC_STD.TO_INTEGER: metavalue detected, returning 0
at 20 ns(1), Instance /testbench/test/reg/ : Warning: NUMERIC_STD.TO_INTEGER: metavalue detected, returning 0
at 25 ns(1), Instance /testbench/test/mem/ : Warning: NUMERIC_STD.TO_INTEGER: metavalue detected, returning 0
at 30 ns(1), Instance /testbench/test/reg/ : Warning: NUMERIC_STD.TO_INTEGER: metavalue detected, returning 0
at 35 ns(1), Instance /testbench/test/mem/ : Warning: NUMERIC_STD.TO_INTEGER: metavalue detected, returning 0
at 40 ns(1), Instance /testbench/test/reg/ : Warning: NUMERIC_STD.TO_INTEGER: metavalue detected, returning 0
at 45 ns(1), Instance /testbench/test/mem/ : Warning: NUMERIC_STD.TO_INTEGER: metavalue detected, returning 0
at 50 ns(1), Instance /testbench/test/reg/ : Warning: NUMERIC_STD.TO_INTEGER: metavalue detected, returning 0
at 155 ns(1), Instance /testbench/test/mem/ : Warning: NUMERIC_STD.TO_INTEGER: metavalue detected, returning 0
ISim O.87xd (signature 0x8ddf5b5d)
----------------------------------------------------------------------
INFO:Security:50 - The XILINXD_LICENSE_FILE environment variable is set to '2100@srv-gei-ens1'.
INFO:Security:52 - The LM_LICENSE_FILE environment variable is set to '2100@srv-gei-ens1'.
INFO:Security:68a - user is jehannin, on host unknown.
WARNING:Security:43 - No license file was found in the standard Xilinx license directory.
WARNING:Security:44 - Since no license file was found,
       please run the Xilinx License Configuration Manager
       (xlcm or "Manage Xilinx Licenses")
       to assist in obtaining a license.
ERROR:Security:14 - No feature was available for 'ISIM'.

Cannot connect to license server system.
 The license server manager (lmgrd) has not been started yet,
 the wrong port@host or license file is being used, or the
 port or hostname in the license file has been changed.
Feature:       ISIM
Server name:   srv-gei-ens1
License path:  /home/jehannin/.Xilinx/*.lic:/usr/local/insa/Xilinx.ISE/13.4/ISE_DS/ISE//data/*.lic:/usr/local/insa/Xilinx.ISE/13.4/ISE_DS/ISE//coregen/core_licenses/Xilinx.lic:/usr/local/insa/Xilinx.ISE/13.4/ISE_DS/ISE//coregen/core_licenses/XilinxFree.lic:2100@srv-gei-ens1:
FLEXnet Licensing error:-15,570.  System Error: 115 "Operation now in progress"
For further information, refer to the FLEXnet Licensing documentation,
available at "www.acresso.com".
----------------------------------------------------------------------
WARNING: A full ISim License cannot be checked out due to the issues listed above. Please use Xilinx License Configuration Manager to fix these issues in order to check out a full ISim license.
WARNING: ISim will run in Lite mode. Please refer to the ISim documentation for more information on the differences between the Lite and the Full version.
This is a Lite version of ISim.
# run 1000 ns
Simulator is doing circuit initialization process.
at 0 ps, Instance /testbench/test/ : Warning: There is an 'U'|'X'|'W'|'Z'|'-' in an arithmetic operand, the result will be 'X'(es).
at 0 ps, Instance /testbench/test/reg/ : Warning: NUMERIC_STD.TO_INTEGER: metavalue detected, returning 0
at 0 ps, Instance /testbench/test/reg/ : Warning: NUMERIC_STD.TO_INTEGER: metavalue detected, returning 0
Finished circuit initialization process.
at 5 ns(1), Instance /testbench/test/mem/ : Warning: NUMERIC_STD.TO_INTEGER: metavalue detected, returning 0
at 10 ns(1), Instance /testbench/test/reg/ : Warning: NUMERIC_STD.TO_INTEGER: metavalue detected, returning 0
at 15 ns(1), Instance /testbench/test/mem/ : Warning: NUMERIC_STD.TO_INTEGER: metavalue detected, returning 0
at 20 ns(1), Instance /testbench/test/reg/ : Warning: NUMERIC_STD.TO_INTEGER: metavalue detected, returning 0
at 25 ns(1), Instance /testbench/test/mem/ : Warning: NUMERIC_STD.TO_INTEGER: metavalue detected, returning 0
at 30 ns(1), Instance /testbench/test/reg/ : Warning: NUMERIC_STD.TO_INTEGER: metavalue detected, returning 0
at 35 ns(1), Instance /testbench/test/mem/ : Warning: NUMERIC_STD.TO_INTEGER: metavalue detected, returning 0
at 40 ns(1), Instance /testbench/test/reg/ : Warning: NUMERIC_STD.TO_INTEGER: metavalue detected, returning 0
at 45 ns(1), Instance /testbench/test/mem/ : Warning: NUMERIC_STD.TO_INTEGER: metavalue detected, returning 0
at 50 ns(1), Instance /testbench/test/reg/ : Warning: NUMERIC_STD.TO_INTEGER: metavalue detected, returning 0
ISim O.87xd (signature 0x8ddf5b5d)
----------------------------------------------------------------------
INFO:Security:50 - The XILINXD_LICENSE_FILE environment variable is set to '2100@srv-gei-ens1'.
INFO:Security:52 - The LM_LICENSE_FILE environment variable is set to '2100@srv-gei-ens1'.
INFO:Security:68a - user is jehannin, on host unknown.
WARNING:Security:43 - No license file was found in the standard Xilinx license directory.
WARNING:Security:44 - Since no license file was found,
       please run the Xilinx License Configuration Manager
       (xlcm or "Manage Xilinx Licenses")
       to assist in obtaining a license.
ERROR:Security:14 - No feature was available for 'ISIM'.

Cannot connect to license server system.
 The license server manager (lmgrd) has not been started yet,
 the wrong port@host or license file is being used, or the
 port or hostname in the license file has been changed.
Feature:       ISIM
Server name:   srv-gei-ens1
License path:  /home/jehannin/.Xilinx/*.lic:/usr/local/insa/Xilinx.ISE/13.4/ISE_DS/ISE//data/*.lic:/usr/local/insa/Xilinx.ISE/13.4/ISE_DS/ISE//coregen/core_licenses/Xilinx.lic:/usr/local/insa/Xilinx.ISE/13.4/ISE_DS/ISE//coregen/core_licenses/XilinxFree.lic:2100@srv-gei-ens1:
FLEXnet Licensing error:-15,570.  System Error: 115 "Operation now in progress"
For further information, refer to the FLEXnet Licensing documentation,
available at "www.acresso.com".
----------------------------------------------------------------------
WARNING: A full ISim License cannot be checked out due to the issues listed above. Please use Xilinx License Configuration Manager to fix these issues in order to check out a full ISim license.
WARNING: ISim will run in Lite mode. Please refer to the ISim documentation for more information on the differences between the Lite and the Full version.
This is a Lite version of ISim.
# run 1000 ns
Simulator is doing circuit initialization process.
at 0 ps, Instance /testbench/test/ : Warning: There is an 'U'|'X'|'W'|'Z'|'-' in an arithmetic operand, the result will be 'X'(es).
at 0 ps, Instance /testbench/test/reg/ : Warning: NUMERIC_STD.TO_INTEGER: metavalue detected, returning 0
at 0 ps, Instance /testbench/test/reg/ : Warning: NUMERIC_STD.TO_INTEGER: metavalue detected, returning 0
Finished circuit initialization process.
at 5 ns(1), Instance /testbench/test/mem/ : Warning: NUMERIC_STD.TO_INTEGER: metavalue detected, returning 0
at 10 ns(1), Instance /testbench/test/reg/ : Warning: NUMERIC_STD.TO_INTEGER: metavalue detected, returning 0
at 15 ns(1), Instance /testbench/test/mem/ : Warning: NUMERIC_STD.TO_INTEGER: metavalue detected, returning 0
at 20 ns(1), Instance /testbench/test/reg/ : Warning: NUMERIC_STD.TO_INTEGER: metavalue detected, returning 0
at 25 ns(1), Instance /testbench/test/mem/ : Warning: NUMERIC_STD.TO_INTEGER: metavalue detected, returning 0
at 30 ns(1), Instance /testbench/test/reg/ : Warning: NUMERIC_STD.TO_INTEGER: metavalue detected, returning 0
at 35 ns(1), Instance /testbench/test/mem/ : Warning: NUMERIC_STD.TO_INTEGER: metavalue detected, returning 0
at 40 ns(1), Instance /testbench/test/reg/ : Warning: NUMERIC_STD.TO_INTEGER: metavalue detected, returning 0
at 45 ns(1), Instance /testbench/test/mem/ : Warning: NUMERIC_STD.TO_INTEGER: metavalue detected, returning 0
at 50 ns(1), Instance /testbench/test/reg/ : Warning: NUMERIC_STD.TO_INTEGER: metavalue detected, returning 0
ISim O.87xd (signature 0x8ddf5b5d)
----------------------------------------------------------------------
INFO:Security:50 - The XILINXD_LICENSE_FILE environment variable is set to '2100@srv-gei-ens1'.
INFO:Security:52 - The LM_LICENSE_FILE environment variable is set to '2100@srv-gei-ens1'.
INFO:Security:68a - user is jehannin, on host unknown.
WARNING:Security:43 - No license file was found in the standard Xilinx license directory.
WARNING:Security:44 - Since no license file was found,
       please run the Xilinx License Configuration Manager
       (xlcm or "Manage Xilinx Licenses")
       to assist in obtaining a license.
ERROR:Security:14 - No feature was available for 'ISIM'.

Cannot connect to license server system.
 The license server manager (lmgrd) has not been started yet,
 the wrong port@host or license file is being used, or the
 port or hostname in the license file has been changed.
Feature:       ISIM
Server name:   srv-gei-ens1
License path:  /home/jehannin/.Xilinx/*.lic:/usr/local/insa/Xilinx.ISE/13.4/ISE_DS/ISE//data/*.lic:/usr/local/insa/Xilinx.ISE/13.4/ISE_DS/ISE//coregen/core_licenses/Xilinx.lic:/usr/local/insa/Xilinx.ISE/13.4/ISE_DS/ISE//coregen/core_licenses/XilinxFree.lic:2100@srv-gei-ens1:
FLEXnet Licensing error:-15,570.  System Error: 115 "Operation now in progress"
For further information, refer to the FLEXnet Licensing documentation,
available at "www.acresso.com".
----------------------------------------------------------------------
WARNING: A full ISim License cannot be checked out due to the issues listed above. Please use Xilinx License Configuration Manager to fix these issues in order to check out a full ISim license.
WARNING: ISim will run in Lite mode. Please refer to the ISim documentation for more information on the differences between the Lite and the Full version.
This is a Lite version of ISim.
# run 1000 ns
Simulator is doing circuit initialization process.
at 0 ps, Instance /testbench/test/ : Warning: There is an 'U'|'X'|'W'|'Z'|'-' in an arithmetic operand, the result will be 'X'(es).
at 0 ps, Instance /testbench/test/reg/ : Warning: NUMERIC_STD.TO_INTEGER: metavalue detected, returning 0
at 0 ps, Instance /testbench/test/reg/ : Warning: NUMERIC_STD.TO_INTEGER: metavalue detected, returning 0
Finished circuit initialization process.
at 5 ns(1), Instance /testbench/test/mem/ : Warning: NUMERIC_STD.TO_INTEGER: metavalue detected, returning 0
at 10 ns(1), Instance /testbench/test/reg/ : Warning: NUMERIC_STD.TO_INTEGER: metavalue detected, returning 0
at 15 ns(1), Instance /testbench/test/mem/ : Warning: NUMERIC_STD.TO_INTEGER: metavalue detected, returning 0
at 20 ns(1), Instance /testbench/test/reg/ : Warning: NUMERIC_STD.TO_INTEGER: metavalue detected, returning 0
at 25 ns(1), Instance /testbench/test/mem/ : Warning: NUMERIC_STD.TO_INTEGER: metavalue detected, returning 0
at 30 ns(1), Instance /testbench/test/reg/ : Warning: NUMERIC_STD.TO_INTEGER: metavalue detected, returning 0
at 35 ns(1), Instance /testbench/test/mem/ : Warning: NUMERIC_STD.TO_INTEGER: metavalue detected, returning 0
at 40 ns(1), Instance /testbench/test/reg/ : Warning: NUMERIC_STD.TO_INTEGER: metavalue detected, returning 0
at 45 ns(1), Instance /testbench/test/mem/ : Warning: NUMERIC_STD.TO_INTEGER: metavalue detected, returning 0
at 50 ns(1), Instance /testbench/test/reg/ : Warning: NUMERIC_STD.TO_INTEGER: metavalue detected, returning 0
ISim O.87xd (signature 0x8ddf5b5d)
----------------------------------------------------------------------
INFO:Security:50 - The XILINXD_LICENSE_FILE environment variable is set to '2100@srv-gei-ens1'.
INFO:Security:52 - The LM_LICENSE_FILE environment variable is set to '2100@srv-gei-ens1'.
INFO:Security:68a - user is jehannin, on host unknown.
WARNING:Security:43 - No license file was found in the standard Xilinx license directory.
WARNING:Security:44 - Since no license file was found,
       please run the Xilinx License Configuration Manager
       (xlcm or "Manage Xilinx Licenses")
       to assist in obtaining a license.
ERROR:Security:14 - No feature was available for 'ISIM'.

Cannot connect to license server system.
 The license server manager (lmgrd) has not been started yet,
 the wrong port@host or license file is being used, or the
 port or hostname in the license file has been changed.
Feature:       ISIM
Server name:   srv-gei-ens1
License path:  /home/jehannin/.Xilinx/*.lic:/usr/local/insa/Xilinx.ISE/13.4/ISE_DS/ISE//data/*.lic:/usr/local/insa/Xilinx.ISE/13.4/ISE_DS/ISE//coregen/core_licenses/Xilinx.lic:/usr/local/insa/Xilinx.ISE/13.4/ISE_DS/ISE//coregen/core_licenses/XilinxFree.lic:2100@srv-gei-ens1:
FLEXnet Licensing error:-15,570.  System Error: 115 "Operation now in progress"
For further information, refer to the FLEXnet Licensing documentation,
available at "www.acresso.com".
----------------------------------------------------------------------
WARNING: A full ISim License cannot be checked out due to the issues listed above. Please use Xilinx License Configuration Manager to fix these issues in order to check out a full ISim license.
WARNING: ISim will run in Lite mode. Please refer to the ISim documentation for more information on the differences between the Lite and the Full version.
This is a Lite version of ISim.
# run 1000 ns
Simulator is doing circuit initialization process.
at 0 ps, Instance /testbench/test/ : Warning: There is an 'U'|'X'|'W'|'Z'|'-' in an arithmetic operand, the result will be 'X'(es).
at 0 ps, Instance /testbench/test/reg/ : Warning: NUMERIC_STD.TO_INTEGER: metavalue detected, returning 0
at 0 ps, Instance /testbench/test/reg/ : Warning: NUMERIC_STD.TO_INTEGER: metavalue detected, returning 0
Finished circuit initialization process.
at 5 ns(1), Instance /testbench/test/mem/ : Warning: NUMERIC_STD.TO_INTEGER: metavalue detected, returning 0
at 10 ns(1), Instance /testbench/test/reg/ : Warning: NUMERIC_STD.TO_INTEGER: metavalue detected, returning 0
at 15 ns(1), Instance /testbench/test/mem/ : Warning: NUMERIC_STD.TO_INTEGER: metavalue detected, returning 0
at 20 ns(1), Instance /testbench/test/reg/ : Warning: NUMERIC_STD.TO_INTEGER: metavalue detected, returning 0
at 25 ns(1), Instance /testbench/test/mem/ : Warning: NUMERIC_STD.TO_INTEGER: metavalue detected, returning 0
at 30 ns(1), Instance /testbench/test/reg/ : Warning: NUMERIC_STD.TO_INTEGER: metavalue detected, returning 0
at 35 ns(1), Instance /testbench/test/mem/ : Warning: NUMERIC_STD.TO_INTEGER: metavalue detected, returning 0
at 40 ns(1), Instance /testbench/test/reg/ : Warning: NUMERIC_STD.TO_INTEGER: metavalue detected, returning 0
at 45 ns(1), Instance /testbench/test/mem/ : Warning: NUMERIC_STD.TO_INTEGER: metavalue detected, returning 0
at 50 ns(1), Instance /testbench/test/reg/ : Warning: NUMERIC_STD.TO_INTEGER: metavalue detected, returning 0
# exit 0
