Release 13.4 - xst O.87xd (lin64)
Copyright (c) 1995-2011 Xilinx, Inc.  All rights reserved.
--> 
Parameter TMPDIR set to xst/projnav.tmp


Total REAL time to Xst completion: 1.00 secs
Total CPU time to Xst completion: 0.06 secs
 
--> 
Parameter xsthdpdir set to xst


Total REAL time to Xst completion: 1.00 secs
Total CPU time to Xst completion: 0.06 secs
 
--> 
Reading design: processor.prj

TABLE OF CONTENTS
  1) Synthesis Options Summary
  2) HDL Parsing
  3) HDL Elaboration
  4) HDL Synthesis
       4.1) HDL Synthesis Report
  5) Advanced HDL Synthesis
       5.1) Advanced HDL Synthesis Report
  6) Low Level Synthesis
  7) Partition Report
  8) Design Summary
       8.1) Primitive and Black Box Usage
       8.2) Device utilization summary
       8.3) Partition Resource Summary
       8.4) Timing Report
            8.4.1) Clock Information
            8.4.2) Asynchronous Control Signals Information
            8.4.3) Timing Summary
            8.4.4) Timing Details
            8.4.5) Cross Clock Domains Report


=========================================================================
*                      Synthesis Options Summary                        *
=========================================================================
---- Source Parameters
Input File Name                    : "processor.prj"
Ignore Synthesis Constraint File   : NO

---- Target Parameters
Output File Name                   : "processor"
Output Format                      : NGC
Target Device                      : xc6slx16-3-csg324

---- Source Options
Top Module Name                    : processor
Automatic FSM Extraction           : YES
FSM Encoding Algorithm             : Auto
Safe Implementation                : No
FSM Style                          : LUT
RAM Extraction                     : Yes
RAM Style                          : Auto
ROM Extraction                     : Yes
Shift Register Extraction          : YES
ROM Style                          : Auto
Resource Sharing                   : YES
Asynchronous To Synchronous        : NO
Shift Register Minimum Size        : 2
Use DSP Block                      : Auto
Automatic Register Balancing       : No

---- Target Options
LUT Combining                      : Auto
Reduce Control Sets                : Auto
Add IO Buffers                     : YES
Global Maximum Fanout              : 100000
Add Generic Clock Buffer(BUFG)     : 16
Register Duplication               : YES
Optimize Instantiated Primitives   : NO
Use Clock Enable                   : Auto
Use Synchronous Set                : Auto
Use Synchronous Reset              : Auto
Pack IO Registers into IOBs        : Auto
Equivalent register Removal        : YES

---- General Options
Optimization Goal                  : Speed
Optimization Effort                : 1
Power Reduction                    : NO
Keep Hierarchy                     : No
Netlist Hierarchy                  : As_Optimized
RTL Output                         : Yes
Global Optimization                : AllClockNets
Read Cores                         : YES
Write Timing Constraints           : NO
Cross Clock Analysis               : NO
Hierarchy Separator                : /
Bus Delimiter                      : <>
Case Specifier                     : Maintain
Slice Utilization Ratio            : 100
BRAM Utilization Ratio             : 100
DSP48 Utilization Ratio            : 100
Auto BRAM Packing                  : NO
Slice Utilization Ratio Delta      : 5

=========================================================================

INFO:Xst - Part-select index evaluated to out of bound value may lead to incorrect synthesis results; it is recommended not to use them in RTL

=========================================================================
*                          HDL Parsing                                  *
=========================================================================
Parsing VHDL file "/home/jehannin/PSI/xilinx_project/register_file.vhd" into library work
Parsing entity <register_file>.
Parsing architecture <Behavioral> of entity <register_file>.
Parsing VHDL file "/home/jehannin/PSI/xilinx_project/instruction_memory_file.vhd" into library work
Parsing entity <instruction_memory_file>.
Parsing architecture <Behavioral> of entity <instruction_memory_file>.
Parsing VHDL file "/home/jehannin/PSI/xilinx_project/data_memory_file.vhd" into library work
Parsing entity <data_memory_file>.
Parsing architecture <Behavioral> of entity <data_memory_file>.
Parsing VHDL file "/home/jehannin/PSI/xilinx_project/ALU.vhd" into library work
Parsing entity <ALU>.
Parsing architecture <Behavioral> of entity <alu>.
Parsing VHDL file "/home/jehannin/PSI/xilinx_project/process.vhd" into library work
Parsing entity <processor>.
Parsing architecture <Behavioral> of entity <processor>.

=========================================================================
*                            HDL Elaboration                            *
=========================================================================

Elaborating entity <processor> (architecture <Behavioral>) from library <work>.

Elaborating entity <instruction_memory_file> (architecture <Behavioral>) from library <work>.
WARNING:HDLCompiler:92 - "/home/jehannin/PSI/xilinx_project/instruction_memory_file.vhd" Line 48: rom_s should be on the sensitivity list of the process

Elaborating entity <ALU> (architecture <Behavioral>) from library <work>.
WARNING:HDLCompiler:92 - "/home/jehannin/PSI/xilinx_project/ALU.vhd" Line 55: result should be on the sensitivity list of the process
WARNING:HDLCompiler:92 - "/home/jehannin/PSI/xilinx_project/ALU.vhd" Line 56: result should be on the sensitivity list of the process
WARNING:HDLCompiler:92 - "/home/jehannin/PSI/xilinx_project/ALU.vhd" Line 58: result should be on the sensitivity list of the process
WARNING:HDLCompiler:92 - "/home/jehannin/PSI/xilinx_project/ALU.vhd" Line 60: result should be on the sensitivity list of the process
WARNING:HDLCompiler:92 - "/home/jehannin/PSI/xilinx_project/ALU.vhd" Line 64: result should be on the sensitivity list of the process
WARNING:HDLCompiler:92 - "/home/jehannin/PSI/xilinx_project/ALU.vhd" Line 65: result should be on the sensitivity list of the process
WARNING:HDLCompiler:92 - "/home/jehannin/PSI/xilinx_project/ALU.vhd" Line 67: result should be on the sensitivity list of the process
WARNING:HDLCompiler:92 - "/home/jehannin/PSI/xilinx_project/ALU.vhd" Line 69: result should be on the sensitivity list of the process
WARNING:HDLCompiler:92 - "/home/jehannin/PSI/xilinx_project/ALU.vhd" Line 73: result should be on the sensitivity list of the process
WARNING:HDLCompiler:92 - "/home/jehannin/PSI/xilinx_project/ALU.vhd" Line 74: result should be on the sensitivity list of the process
WARNING:HDLCompiler:92 - "/home/jehannin/PSI/xilinx_project/ALU.vhd" Line 75: intermediaire should be on the sensitivity list of the process

Elaborating entity <register_file> (architecture <Behavioral>) from library <work>.
WARNING:HDLCompiler:92 - "/home/jehannin/PSI/xilinx_project/register_file.vhd" Line 55: rst should be on the sensitivity list of the process
WARNING:HDLCompiler:92 - "/home/jehannin/PSI/xilinx_project/register_file.vhd" Line 58: w should be on the sensitivity list of the process
WARNING:HDLCompiler:92 - "/home/jehannin/PSI/xilinx_project/register_file.vhd" Line 59: adw should be on the sensitivity list of the process
WARNING:HDLCompiler:92 - "/home/jehannin/PSI/xilinx_project/register_file.vhd" Line 60: data should be on the sensitivity list of the process

Elaborating entity <data_memory_file> (architecture <Behavioral>) from library <work>.
WARNING:HDLCompiler:92 - "/home/jehannin/PSI/xilinx_project/data_memory_file.vhd" Line 53: rst should be on the sensitivity list of the process
WARNING:HDLCompiler:92 - "/home/jehannin/PSI/xilinx_project/data_memory_file.vhd" Line 56: ad should be on the sensitivity list of the process
WARNING:HDLCompiler:92 - "/home/jehannin/PSI/xilinx_project/data_memory_file.vhd" Line 57: rw should be on the sensitivity list of the process
WARNING:HDLCompiler:92 - "/home/jehannin/PSI/xilinx_project/data_memory_file.vhd" Line 58: input should be on the sensitivity list of the process
WARNING:HDLCompiler:92 - "/home/jehannin/PSI/xilinx_project/data_memory_file.vhd" Line 60: ram_s should be on the sensitivity list of the process
WARNING:HDLCompiler:92 - "/home/jehannin/PSI/xilinx_project/process.vhd" Line 122: mem_instr should be on the sensitivity list of the process
WARNING:HDLCompiler:92 - "/home/jehannin/PSI/xilinx_project/process.vhd" Line 123: mem_instr should be on the sensitivity list of the process
WARNING:HDLCompiler:92 - "/home/jehannin/PSI/xilinx_project/process.vhd" Line 124: mem_instr should be on the sensitivity list of the process
WARNING:HDLCompiler:92 - "/home/jehannin/PSI/xilinx_project/process.vhd" Line 125: mem_instr should be on the sensitivity list of the process
WARNING:HDLCompiler:92 - "/home/jehannin/PSI/xilinx_project/process.vhd" Line 127: mem_re_op should be on the sensitivity list of the process
WARNING:HDLCompiler:92 - "/home/jehannin/PSI/xilinx_project/process.vhd" Line 132: li_di_op should be on the sensitivity list of the process
WARNING:HDLCompiler:92 - "/home/jehannin/PSI/xilinx_project/process.vhd" Line 133: li_di_a should be on the sensitivity list of the process
WARNING:HDLCompiler:92 - "/home/jehannin/PSI/xilinx_project/process.vhd" Line 134: li_di_op should be on the sensitivity list of the process
WARNING:HDLCompiler:92 - "/home/jehannin/PSI/xilinx_project/process.vhd" Line 135: qa should be on the sensitivity list of the process
WARNING:HDLCompiler:92 - "/home/jehannin/PSI/xilinx_project/process.vhd" Line 137: li_di_b should be on the sensitivity list of the process
WARNING:HDLCompiler:92 - "/home/jehannin/PSI/xilinx_project/process.vhd" Line 140: di_ex_op should be on the sensitivity list of the process
WARNING:HDLCompiler:92 - "/home/jehannin/PSI/xilinx_project/process.vhd" Line 141: di_ex_op should be on the sensitivity list of the process
WARNING:HDLCompiler:92 - "/home/jehannin/PSI/xilinx_project/process.vhd" Line 145: ex_mem_op should be on the sensitivity list of the process
WARNING:HDLCompiler:92 - "/home/jehannin/PSI/xilinx_project/process.vhd" Line 146: di_ex_a should be on the sensitivity list of the process
WARNING:HDLCompiler:92 - "/home/jehannin/PSI/xilinx_project/process.vhd" Line 147: ctrl_alu should be on the sensitivity list of the process
WARNING:HDLCompiler:92 - "/home/jehannin/PSI/xilinx_project/process.vhd" Line 148: s should be on the sensitivity list of the process
WARNING:HDLCompiler:92 - "/home/jehannin/PSI/xilinx_project/process.vhd" Line 153: ex_mem_b should be on the sensitivity list of the process
WARNING:HDLCompiler:92 - "/home/jehannin/PSI/xilinx_project/process.vhd" Line 154: ex_mem_op should be on the sensitivity list of the process
WARNING:HDLCompiler:92 - "/home/jehannin/PSI/xilinx_project/process.vhd" Line 155: ex_mem_a should be on the sensitivity list of the process
WARNING:HDLCompiler:92 - "/home/jehannin/PSI/xilinx_project/process.vhd" Line 158: ex_mem_b should be on the sensitivity list of the process
WARNING:HDLCompiler:92 - "/home/jehannin/PSI/xilinx_project/process.vhd" Line 161: ex_mem_op should be on the sensitivity list of the process
WARNING:HDLCompiler:92 - "/home/jehannin/PSI/xilinx_project/process.vhd" Line 162: ex_mem_a should be on the sensitivity list of the process
WARNING:HDLCompiler:92 - "/home/jehannin/PSI/xilinx_project/process.vhd" Line 163: ex_mem_op should be on the sensitivity list of the process
WARNING:HDLCompiler:92 - "/home/jehannin/PSI/xilinx_project/process.vhd" Line 164: output should be on the sensitivity list of the process
WARNING:HDLCompiler:92 - "/home/jehannin/PSI/xilinx_project/process.vhd" Line 166: ex_mem_b should be on the sensitivity list of the process
WARNING:HDLCompiler:92 - "/home/jehannin/PSI/xilinx_project/process.vhd" Line 169: ip should be on the sensitivity list of the process
WARNING:HDLCompiler:92 - "/home/jehannin/PSI/xilinx_project/process.vhd" Line 170: ip should be on the sensitivity list of the process
WARNING:HDLCompiler:634 - "/home/jehannin/PSI/xilinx_project/process.vhd" Line 89: Net <EX_MEM_OP[7]> does not have a driver.
WARNING:Xst:2972 - "/home/jehannin/PSI/xilinx_project/process.vhd" line 115. All outputs of instance <ins> of block <instruction_memory_file> are unconnected in block <processor>. Underlying logic will be removed.
WARNING:Xst:2972 - "/home/jehannin/PSI/xilinx_project/process.vhd" line 116. All outputs of instance <arithmetic> of block <ALU> are unconnected in block <processor>. Underlying logic will be removed.
WARNING:Xst:2972 - "/home/jehannin/PSI/xilinx_project/process.vhd" line 117. All outputs of instance <reg> of block <register_file> are unconnected in block <processor>. Underlying logic will be removed.
WARNING:Xst:2972 - "/home/jehannin/PSI/xilinx_project/process.vhd" line 118. All outputs of instance <mem> of block <data_memory_file> are unconnected in block <processor>. Underlying logic will be removed.

=========================================================================
*                           HDL Synthesis                               *
=========================================================================

Synthesizing Unit <processor>.
    Related source file is "/home/jehannin/PSI/xilinx_project/process.vhd".
INFO:Xst:3210 - "/home/jehannin/PSI/xilinx_project/process.vhd" line 116: Output port <N> of the instance <arithmetic> is unconnected or connected to loadless signal.
INFO:Xst:3210 - "/home/jehannin/PSI/xilinx_project/process.vhd" line 116: Output port <O> of the instance <arithmetic> is unconnected or connected to loadless signal.
INFO:Xst:3210 - "/home/jehannin/PSI/xilinx_project/process.vhd" line 116: Output port <Z> of the instance <arithmetic> is unconnected or connected to loadless signal.
INFO:Xst:3210 - "/home/jehannin/PSI/xilinx_project/process.vhd" line 116: Output port <C> of the instance <arithmetic> is unconnected or connected to loadless signal.
WARNING:Xst:653 - Signal <EX_MEM_OP> is used but never assigned. This sourceless signal will be automatically connected to value GND.
    Summary:
	no macro.
Unit <processor> synthesized.

=========================================================================
HDL Synthesis Report

Found no macro
=========================================================================

=========================================================================
*                       Advanced HDL Synthesis                          *
=========================================================================


=========================================================================
Advanced HDL Synthesis Report

Found no macro
=========================================================================

=========================================================================
*                         Low Level Synthesis                           *
=========================================================================

Optimizing unit <processor> ...

Mapping all equations...
Building and optimizing final netlist ...
Found area constraint ratio of 100 (+ 5) on block processor, actual ratio is 0.

Final Macro Processing ...

=========================================================================
Final Register Report

Found no macro
=========================================================================

=========================================================================
*                           Partition Report                            *
=========================================================================

Partition Implementation Status
-------------------------------

  No Partitions were found in this design.

-------------------------------

=========================================================================
*                            Design Summary                             *
=========================================================================

Top Level Output File Name         : processor.ngc

Primitive and Black Box Usage:
------------------------------

Device utilization summary:
---------------------------

Selected Device : 6slx16csg324-3 


Slice Logic Utilization: 

Slice Logic Distribution: 
 Number of LUT Flip Flop pairs used:      0
   Number with an unused Flip Flop:       0  out of      0         
   Number with an unused LUT:             0  out of      0         
   Number of fully used LUT-FF pairs:     0  out of      0         
   Number of unique control sets:         0

IO Utilization: 
 Number of IOs:                           2
 Number of bonded IOBs:                   0  out of    232     0%  

Specific Feature Utilization:

---------------------------
Partition Resource Summary:
---------------------------

  No Partitions were found in this design.

---------------------------


=========================================================================
Timing Report

NOTE: THESE TIMING NUMBERS ARE ONLY A SYNTHESIS ESTIMATE.
      FOR ACCURATE TIMING INFORMATION PLEASE REFER TO THE TRACE REPORT
      GENERATED AFTER PLACE-and-ROUTE.

Clock Information:
------------------
No clock signals found in this design

Asynchronous Control Signals Information:
----------------------------------------
No asynchronous control signals found in this design

Timing Summary:
---------------
Speed Grade: -3

   Minimum period: No path found
   Minimum input arrival time before clock: No path found
   Maximum output required time after clock: No path found
   Maximum combinational path delay: No path found

Timing Details:
---------------
All values displayed in nanoseconds (ns)

=========================================================================

Cross Clock Domains Report:
--------------------------

=========================================================================


Total REAL time to Xst completion: 6.00 secs
Total CPU time to Xst completion: 4.82 secs
 
--> 


Total memory usage is 395396 kilobytes

Number of errors   :    0 (   0 filtered)
Number of warnings :   54 (   0 filtered)
Number of infos    :    5 (   0 filtered)

