Release 13.4 Map O.87xd (lin64)
Xilinx Mapping Report File for Design 'processor'

Design Information
------------------
Command Line   : map -intstyle ise -p xc6slx16-csg324-3 -w -logic_opt off -ol
high -t 1 -xt 0 -register_duplication off -r 4 -global_opt off -mt off -ir off
-pr off -lc off -power off -o processor_map.ncd processor.ngd processor.pcf 
Target Device  : xc6slx16
Target Package : csg324
Target Speed   : -3
Mapper Version : spartan6 -- $Revision: 1.55 $
Mapped Date    : Tue May 19 12:07:28 2020

Design Summary
--------------
Number of errors   :   1
Number of warnings :   0

Section 1 - Errors
------------------
ERROR:Security:9c - No 'ISE' nor 'WebPack' feature version 2012.01 was available
for part 'xc6slx16'.
ERROR:Map:258 - A problem was encountered attempting to get the license for this
   architecture. 

Section 2 - Warnings
--------------------
WARNING:Security:43 - No license file was found in the standard Xilinx license
directory.
WARNING:Security:44 - Since no license file was found,

Section 3 - Informational
-------------------------
INFO:Security:50 - The XILINXD_LICENSE_FILE environment variable is set to
'2100@srv-gei-ens1'.
INFO:Security:52 - The LM_LICENSE_FILE environment variable is set to
'2100@srv-gei-ens1'.
INFO:Security:54 - 'xc6slx16' is a WebPack part.
INFO:Security:68a - user is jehannin, on host unknown.
